
binarytree: system execution failed.
Following is the set of recorded exceptions:

-------------------------------------------------------------------------------
Class / Object      Routine                Nature of exception           Effect
-------------------------------------------------------------------------------
ARRAYED_LIST        put @1                 writeable:                   
<00000000036005E8>  (From CHAIN)           Precondition violated.        Fail
-------------------------------------------------------------------------------
MAIN                make @3                                             
<00000000036005A8>                         Routine failure.              Fail
-------------------------------------------------------------------------------
MAIN                root's creation                                     
<00000000036005A8>                         Routine failure.              Exit
-------------------------------------------------------------------------------

binarytree: system execution failed.
Following is the set of recorded exceptions:

-------------------------------------------------------------------------------
Class / Object      Routine                Nature of exception           Effect
-------------------------------------------------------------------------------
ARRAY               put @3                 valid_index:                 
<00000000038B45E8>                         Precondition violated.        Fail
-------------------------------------------------------------------------------
MAIN                make @2                                             
<00000000038B45A8>                         Routine failure.              Fail
-------------------------------------------------------------------------------
MAIN                root's creation                                     
<00000000038B45A8>                         Routine failure.              Exit
-------------------------------------------------------------------------------
ARRAY               put @4                 index_small_enough:          
<00000000038B45E8>                         Runtime check violated.       Exit
-------------------------------------------------------------------------------
ARRAY               put @4                                              
<00000000038B45E8>                         Routine failure.              Exit
-------------------------------------------------------------------------------
MAIN                make @2                                             
<00000000038B45A8>                         Routine failure.              Exit
-------------------------------------------------------------------------------
MAIN                root's creation                                     
<00000000038B45A8>                         Routine failure.              Exit
-------------------------------------------------------------------------------

binarytree: system execution failed.
Following is the set of recorded exceptions:

-------------------------------------------------------------------------------
Class / Object      Routine                Nature of exception           Effect
-------------------------------------------------------------------------------
ARRAY               put @3                 valid_index:                 
<00000000036E85E8>                         Precondition violated.        Fail
-------------------------------------------------------------------------------
MAIN                make @2                                             
<00000000036E85A8>                         Routine failure.              Fail
-------------------------------------------------------------------------------
MAIN                root's creation                                     
<00000000036E85A8>                         Routine failure.              Exit
-------------------------------------------------------------------------------
ARRAY               put @4                 index_small_enough:          
<00000000036E85E8>                         Runtime check violated.       Exit
-------------------------------------------------------------------------------
ARRAY               put @4                                              
<00000000036E85E8>                         Routine failure.              Exit
-------------------------------------------------------------------------------
MAIN                make @2                                             
<00000000036E85A8>                         Routine failure.              Exit
-------------------------------------------------------------------------------
MAIN                root's creation                                     
<00000000036E85A8>                         Routine failure.              Exit
-------------------------------------------------------------------------------

binarytree: system execution failed.
Following is the set of recorded exceptions:

-------------------------------------------------------------------------------
Class / Object      Routine                Nature of exception           Effect
-------------------------------------------------------------------------------
ARRAY               put @3                 valid_index:                 
<000000000388A5E8>                         Precondition violated.        Fail
-------------------------------------------------------------------------------
MAIN                make @2                                             
<000000000388A5A8>                         Routine failure.              Fail
-------------------------------------------------------------------------------
MAIN                root's creation                                     
<000000000388A5A8>                         Routine failure.              Exit
-------------------------------------------------------------------------------

binarytree: system execution failed.
Following is the set of recorded exceptions:

-------------------------------------------------------------------------------
Class / Object      Routine                Nature of exception           Effect
-------------------------------------------------------------------------------
ARRAY               put @3                 valid_index:                 
<00000000037155E8>                         Precondition violated.        Fail
-------------------------------------------------------------------------------
MAIN                make @2                                             
<00000000037155A8>                         Routine failure.              Fail
-------------------------------------------------------------------------------
MAIN                root's creation                                     
<00000000037155A8>                         Routine failure.              Exit
-------------------------------------------------------------------------------
ARRAY               put @4                 index_small_enough:          
<00000000037155E8>                         Runtime check violated.       Exit
-------------------------------------------------------------------------------
ARRAY               put @4                                              
<00000000037155E8>                         Routine failure.              Exit
-------------------------------------------------------------------------------
MAIN                make @2                                             
<00000000037155A8>                         Routine failure.              Exit
-------------------------------------------------------------------------------
MAIN                root's creation                                     
<00000000037155A8>                         Routine failure.              Exit
-------------------------------------------------------------------------------
